

Started GET "/" for ::1 at 2015-09-08 09:43:01 -0400
  [1m[36mActiveRecord::SchemaMigration Load (0.6ms)[0m  [1mSELECT "schema_migrations".* FROM "schema_migrations"[0m
Processing by UsersController#welcome as HTML
  Rendered users/welcome.html.haml within layouts/application (2.2ms)
Completed 500 Internal Server Error in 265ms (ActiveRecord: 0.0ms)

ActionView::Template::Error (Asset filtered out and will not be served: add `Rails.application.config.assets.precompile += %w( jquery-ui-1.11.2.custom.css )` to `config/initializers/assets.rb` and restart your server):
     9:           %meta{:content => "", :name => "keywords"}
    10:             %meta{:content => "", :name => "author"}
    11:               %title BeAdmin - Bootstrap Admin Theme
    12:               = stylesheet_link_tag "jquery-ui-1.11.2.custom.css"
    13:               = stylesheet_link_tag 'gritter/jquery.gritter.css'
    14:               = stylesheet_link_tag "theme/theme.css"
    15:               = stylesheet_link_tag "chosen.css"
  app/views/layouts/application.html.haml:12:in `_app_views_layouts_application_html_haml__4268598862336291652_2221643360'


  Rendered /Users/SamDavis/.rvm/gems/ruby-2.1.1/gems/actionpack-4.2.1/lib/action_dispatch/middleware/templates/rescues/_source.erb (8.1ms)
  Rendered /Users/SamDavis/.rvm/gems/ruby-2.1.1/gems/actionpack-4.2.1/lib/action_dispatch/middleware/templates/rescues/_trace.html.erb (3.0ms)
  Rendered /Users/SamDavis/.rvm/gems/ruby-2.1.1/gems/actionpack-4.2.1/lib/action_dispatch/middleware/templates/rescues/_request_and_response.html.erb (1.0ms)
  Rendered /Users/SamDavis/.rvm/gems/ruby-2.1.1/gems/actionpack-4.2.1/lib/action_dispatch/middleware/templates/rescues/template_error.html.erb within rescues/layout (32.6ms)
  Rendered /Users/SamDavis/.rvm/gems/ruby-2.1.1/gems/web-console-2.2.1/lib/web_console/templates/_markup.html.erb (0.8ms)
  Rendered /Users/SamDavis/.rvm/gems/ruby-2.1.1/gems/web-console-2.2.1/lib/web_console/templates/_inner_console_markup.html.erb within layouts/inlined_string (0.4ms)
  Rendered /Users/SamDavis/.rvm/gems/ruby-2.1.1/gems/web-console-2.2.1/lib/web_console/templates/_prompt_box_markup.html.erb within layouts/inlined_string (0.5ms)
  Rendered /Users/SamDavis/.rvm/gems/ruby-2.1.1/gems/web-console-2.2.1/lib/web_console/templates/style.css.erb within layouts/inlined_string (0.4ms)
  Rendered /Users/SamDavis/.rvm/gems/ruby-2.1.1/gems/web-console-2.2.1/lib/web_console/templates/console.js.erb within layouts/javascript (26.4ms)
  Rendered /Users/SamDavis/.rvm/gems/ruby-2.1.1/gems/web-console-2.2.1/lib/web_console/templates/main.js.erb within layouts/javascript (0.4ms)
  Rendered /Users/SamDavis/.rvm/gems/ruby-2.1.1/gems/web-console-2.2.1/lib/web_console/templates/error_page.js.erb within layouts/javascript (0.5ms)
  Rendered /Users/SamDavis/.rvm/gems/ruby-2.1.1/gems/web-console-2.2.1/lib/web_console/templates/index.html.erb (57.9ms)


Started GET "/" for ::1 at 2015-09-08 09:44:37 -0400
  [1m[36mActiveRecord::SchemaMigration Load (0.9ms)[0m  [1mSELECT "schema_migrations".* FROM "schema_migrations"[0m
Processing by UsersController#welcome as HTML
  Rendered users/welcome.html.haml within layouts/application (2.0ms)
Completed 500 Internal Server Error in 3722ms (ActiveRecord: 0.0ms)

ActionView::Template::Error (couldn't find file 'ng-rails-csrf' with type 'application/javascript'):
    429: 
    430:     = javascript_include_tag "theme/theme.js"
    431:     = javascript_include_tag "angular/app/angular_import.js"
    432:     = javascript_include_tag "application"
  app/assets/javascripts/application.js.coffee:1
  app/views/layouts/application.html.haml:432:in `_app_views_layouts_application_html_haml__3723644901729289814_2172017660'


  Rendered /Users/SamDavis/.rvm/gems/ruby-2.1.1/gems/actionpack-4.2.1/lib/action_dispatch/middleware/templates/rescues/_source.erb (15.5ms)
  Rendered /Users/SamDavis/.rvm/gems/ruby-2.1.1/gems/actionpack-4.2.1/lib/action_dispatch/middleware/templates/rescues/_trace.html.erb (3.6ms)
  Rendered /Users/SamDavis/.rvm/gems/ruby-2.1.1/gems/actionpack-4.2.1/lib/action_dispatch/middleware/templates/rescues/_request_and_response.html.erb (0.9ms)
  Rendered /Users/SamDavis/.rvm/gems/ruby-2.1.1/gems/actionpack-4.2.1/lib/action_dispatch/middleware/templates/rescues/template_error.html.erb within rescues/layout (38.1ms)
  Rendered /Users/SamDavis/.rvm/gems/ruby-2.1.1/gems/web-console-2.2.1/lib/web_console/templates/_markup.html.erb (0.4ms)
  Rendered /Users/SamDavis/.rvm/gems/ruby-2.1.1/gems/web-console-2.2.1/lib/web_console/templates/_inner_console_markup.html.erb within layouts/inlined_string (0.3ms)
  Rendered /Users/SamDavis/.rvm/gems/ruby-2.1.1/gems/web-console-2.2.1/lib/web_console/templates/_prompt_box_markup.html.erb within layouts/inlined_string (0.2ms)
  Rendered /Users/SamDavis/.rvm/gems/ruby-2.1.1/gems/web-console-2.2.1/lib/web_console/templates/style.css.erb within layouts/inlined_string (0.3ms)
  Rendered /Users/SamDavis/.rvm/gems/ruby-2.1.1/gems/web-console-2.2.1/lib/web_console/templates/console.js.erb within layouts/javascript (21.0ms)
  Rendered /Users/SamDavis/.rvm/gems/ruby-2.1.1/gems/web-console-2.2.1/lib/web_console/templates/main.js.erb within layouts/javascript (0.3ms)
  Rendered /Users/SamDavis/.rvm/gems/ruby-2.1.1/gems/web-console-2.2.1/lib/web_console/templates/error_page.js.erb within layouts/javascript (0.4ms)
  Rendered /Users/SamDavis/.rvm/gems/ruby-2.1.1/gems/web-console-2.2.1/lib/web_console/templates/index.html.erb (46.1ms)


Started GET "/" for ::1 at 2015-09-08 09:45:53 -0400
  [1m[36mActiveRecord::SchemaMigration Load (0.8ms)[0m  [1mSELECT "schema_migrations".* FROM "schema_migrations"[0m
Processing by UsersController#welcome as HTML
  Rendered users/welcome.html.haml within layouts/application (2.0ms)
Completed 200 OK in 3362ms (Views: 3345.6ms | ActiveRecord: 0.0ms)


Started GET "/assets/theme/fontawesome/fonts/fontawesome-webfont.woff?v=4.1.0" for ::1 at 2015-09-08 09:45:57 -0400


Started GET "/assets/dashboard/dashboard.html.haml" for ::1 at 2015-09-08 09:45:58 -0400


Started GET "/" for ::1 at 2015-09-08 09:47:06 -0400
Processing by UsersController#welcome as HTML
Completed 401 Unauthorized in 3ms (ActiveRecord: 0.0ms)


Started GET "/users/sign_in" for ::1 at 2015-09-08 09:47:06 -0400

ActionController::RoutingError (uninitialized constant SessionsController):
  activesupport (4.2.1) lib/active_support/inflector/methods.rb:261:in `const_get'
  activesupport (4.2.1) lib/active_support/inflector/methods.rb:261:in `block in constantize'
  activesupport (4.2.1) lib/active_support/inflector/methods.rb:259:in `each'
  activesupport (4.2.1) lib/active_support/inflector/methods.rb:259:in `inject'
  activesupport (4.2.1) lib/active_support/inflector/methods.rb:259:in `constantize'
  actionpack (4.2.1) lib/action_dispatch/routing/route_set.rb:70:in `controller_reference'
  actionpack (4.2.1) lib/action_dispatch/routing/route_set.rb:60:in `controller'
  actionpack (4.2.1) lib/action_dispatch/routing/route_set.rb:39:in `serve'
  actionpack (4.2.1) lib/action_dispatch/routing/mapper.rb:49:in `serve'
  actionpack (4.2.1) lib/action_dispatch/journey/router.rb:43:in `block in serve'
  actionpack (4.2.1) lib/action_dispatch/journey/router.rb:30:in `each'
  actionpack (4.2.1) lib/action_dispatch/journey/router.rb:30:in `serve'
  actionpack (4.2.1) lib/action_dispatch/routing/route_set.rb:819:in `call'
  warden (1.2.3) lib/warden/manager.rb:35:in `block in call'
  warden (1.2.3) lib/warden/manager.rb:34:in `catch'
  warden (1.2.3) lib/warden/manager.rb:34:in `call'
  rack (1.6.4) lib/rack/etag.rb:24:in `call'
  rack (1.6.4) lib/rack/conditionalget.rb:25:in `call'
  rack (1.6.4) lib/rack/head.rb:13:in `call'
  actionpack (4.2.1) lib/action_dispatch/middleware/params_parser.rb:27:in `call'
  actionpack (4.2.1) lib/action_dispatch/middleware/flash.rb:260:in `call'
  rack (1.6.4) lib/rack/session/abstract/id.rb:225:in `context'
  rack (1.6.4) lib/rack/session/abstract/id.rb:220:in `call'
  actionpack (4.2.1) lib/action_dispatch/middleware/cookies.rb:560:in `call'
  activerecord (4.2.1) lib/active_record/query_cache.rb:36:in `call'
  activerecord (4.2.1) lib/active_record/connection_adapters/abstract/connection_pool.rb:649:in `call'
  activerecord (4.2.1) lib/active_record/migration.rb:378:in `call'
  actionpack (4.2.1) lib/action_dispatch/middleware/callbacks.rb:29:in `block in call'
  activesupport (4.2.1) lib/active_support/callbacks.rb:88:in `call'
  activesupport (4.2.1) lib/active_support/callbacks.rb:88:in `_run_callbacks'
  activesupport (4.2.1) lib/active_support/callbacks.rb:776:in `_run_call_callbacks'
  activesupport (4.2.1) lib/active_support/callbacks.rb:81:in `run_callbacks'
  actionpack (4.2.1) lib/action_dispatch/middleware/callbacks.rb:27:in `call'
  actionpack (4.2.1) lib/action_dispatch/middleware/reloader.rb:73:in `call'
  actionpack (4.2.1) lib/action_dispatch/middleware/remote_ip.rb:78:in `call'
  actionpack (4.2.1) lib/action_dispatch/middleware/debug_exceptions.rb:17:in `call'
  web-console (2.2.1) lib/web_console/middleware.rb:39:in `call'
  actionpack (4.2.1) lib/action_dispatch/middleware/show_exceptions.rb:30:in `call'
  railties (4.2.1) lib/rails/rack/logger.rb:38:in `call_app'
  railties (4.2.1) lib/rails/rack/logger.rb:20:in `block in call'
  activesupport (4.2.1) lib/active_support/tagged_logging.rb:68:in `block in tagged'
  activesupport (4.2.1) lib/active_support/tagged_logging.rb:26:in `tagged'
  activesupport (4.2.1) lib/active_support/tagged_logging.rb:68:in `tagged'
  railties (4.2.1) lib/rails/rack/logger.rb:20:in `call'
  actionpack (4.2.1) lib/action_dispatch/middleware/request_id.rb:21:in `call'
  rack (1.6.4) lib/rack/methodoverride.rb:22:in `call'
  rack (1.6.4) lib/rack/runtime.rb:18:in `call'
  activesupport (4.2.1) lib/active_support/cache/strategy/local_cache_middleware.rb:28:in `call'
  rack (1.6.4) lib/rack/lock.rb:17:in `call'
  actionpack (4.2.1) lib/action_dispatch/middleware/static.rb:113:in `call'
  rack (1.6.4) lib/rack/sendfile.rb:113:in `call'
  railties (4.2.1) lib/rails/engine.rb:518:in `call'
  railties (4.2.1) lib/rails/application.rb:164:in `call'
  rack (1.6.4) lib/rack/lock.rb:17:in `call'
  rack (1.6.4) lib/rack/content_length.rb:15:in `call'
  rack (1.6.4) lib/rack/handler/webrick.rb:88:in `service'
  /Users/SamDavis/.rvm/rubies/ruby-2.1.1/lib/ruby/2.1.0/webrick/httpserver.rb:138:in `service'
  /Users/SamDavis/.rvm/rubies/ruby-2.1.1/lib/ruby/2.1.0/webrick/httpserver.rb:94:in `run'
  /Users/SamDavis/.rvm/rubies/ruby-2.1.1/lib/ruby/2.1.0/webrick/server.rb:295:in `block in start_thread'


  Rendered /Users/SamDavis/.rvm/gems/ruby-2.1.1/gems/actionpack-4.2.1/lib/action_dispatch/middleware/templates/rescues/_trace.html.erb (1.9ms)
  Rendered /Users/SamDavis/.rvm/gems/ruby-2.1.1/gems/actionpack-4.2.1/lib/action_dispatch/middleware/templates/routes/_route.html.erb (2.4ms)
  Rendered /Users/SamDavis/.rvm/gems/ruby-2.1.1/gems/actionpack-4.2.1/lib/action_dispatch/middleware/templates/routes/_table.html.erb (3.2ms)
  Rendered /Users/SamDavis/.rvm/gems/ruby-2.1.1/gems/actionpack-4.2.1/lib/action_dispatch/middleware/templates/rescues/_request_and_response.html.erb (1.7ms)
  Rendered /Users/SamDavis/.rvm/gems/ruby-2.1.1/gems/actionpack-4.2.1/lib/action_dispatch/middleware/templates/rescues/routing_error.html.erb within rescues/layout (52.6ms)
  Rendered /Users/SamDavis/.rvm/gems/ruby-2.1.1/gems/web-console-2.2.1/lib/web_console/templates/_markup.html.erb (0.3ms)
  Rendered /Users/SamDavis/.rvm/gems/ruby-2.1.1/gems/web-console-2.2.1/lib/web_console/templates/_inner_console_markup.html.erb within layouts/inlined_string (0.3ms)
  Rendered /Users/SamDavis/.rvm/gems/ruby-2.1.1/gems/web-console-2.2.1/lib/web_console/templates/_prompt_box_markup.html.erb within layouts/inlined_string (0.3ms)
  Rendered /Users/SamDavis/.rvm/gems/ruby-2.1.1/gems/web-console-2.2.1/lib/web_console/templates/style.css.erb within layouts/inlined_string (0.4ms)
  Rendered /Users/SamDavis/.rvm/gems/ruby-2.1.1/gems/web-console-2.2.1/lib/web_console/templates/console.js.erb within layouts/javascript (20.8ms)
  Rendered /Users/SamDavis/.rvm/gems/ruby-2.1.1/gems/web-console-2.2.1/lib/web_console/templates/main.js.erb within layouts/javascript (0.3ms)
  Rendered /Users/SamDavis/.rvm/gems/ruby-2.1.1/gems/web-console-2.2.1/lib/web_console/templates/error_page.js.erb within layouts/javascript (0.5ms)
  Rendered /Users/SamDavis/.rvm/gems/ruby-2.1.1/gems/web-console-2.2.1/lib/web_console/templates/index.html.erb (46.1ms)


Started GET "/" for ::1 at 2015-09-08 09:48:04 -0400
  [1m[36mActiveRecord::SchemaMigration Load (0.7ms)[0m  [1mSELECT "schema_migrations".* FROM "schema_migrations"[0m
Processing by UsersController#welcome as HTML
Completed 401 Unauthorized in 16ms (ActiveRecord: 0.0ms)


Started GET "/users/sign_in" for ::1 at 2015-09-08 09:48:04 -0400
Processing by SessionsController#new as HTML
  Rendered devise/sessions/new.html.haml within layouts/login (36.9ms)
Completed 500 Internal Server Error in 96ms (ActiveRecord: 35.9ms)

ActionView::Template::Error (undefined method `simple_form_for' for #<#<Class:0x00000102dab4e0>:0x00000102da8fd8>):
     7:         %p.text-center.mt-lg
     8:           %strong SIGN IN TO CONTINUE
     9:       .panel-body
    10:         = simple_form_for(resource, :as => resource_name, :url => session_path(resource_name), :html => {:role => 'form', :class => 'mb-lg'}) do |f|
    11:           .text-right.mb-sm
    12:             %a.btn-link.text-muted{:href => ''} Need to Signup
    13:           .form-group.has-feedback
  app/views/devise/sessions/new.html.haml:10:in `_app_views_devise_sessions_new_html_haml___2641184469381294439_2171804780'


  Rendered /Users/SamDavis/.rvm/gems/ruby-2.1.1/gems/actionpack-4.2.1/lib/action_dispatch/middleware/templates/rescues/_source.erb (8.2ms)
  Rendered /Users/SamDavis/.rvm/gems/ruby-2.1.1/gems/actionpack-4.2.1/lib/action_dispatch/middleware/templates/rescues/_trace.html.erb (3.0ms)
  Rendered /Users/SamDavis/.rvm/gems/ruby-2.1.1/gems/actionpack-4.2.1/lib/action_dispatch/middleware/templates/rescues/_request_and_response.html.erb (1.0ms)
  Rendered /Users/SamDavis/.rvm/gems/ruby-2.1.1/gems/actionpack-4.2.1/lib/action_dispatch/middleware/templates/rescues/template_error.html.erb within rescues/layout (29.8ms)
  Rendered /Users/SamDavis/.rvm/gems/ruby-2.1.1/gems/web-console-2.2.1/lib/web_console/templates/_markup.html.erb (0.4ms)
  Rendered /Users/SamDavis/.rvm/gems/ruby-2.1.1/gems/web-console-2.2.1/lib/web_console/templates/_inner_console_markup.html.erb within layouts/inlined_string (0.3ms)
  Rendered /Users/SamDavis/.rvm/gems/ruby-2.1.1/gems/web-console-2.2.1/lib/web_console/templates/_prompt_box_markup.html.erb within layouts/inlined_string (0.3ms)
  Rendered /Users/SamDavis/.rvm/gems/ruby-2.1.1/gems/web-console-2.2.1/lib/web_console/templates/style.css.erb within layouts/inlined_string (0.4ms)
  Rendered /Users/SamDavis/.rvm/gems/ruby-2.1.1/gems/web-console-2.2.1/lib/web_console/templates/console.js.erb within layouts/javascript (21.3ms)
  Rendered /Users/SamDavis/.rvm/gems/ruby-2.1.1/gems/web-console-2.2.1/lib/web_console/templates/main.js.erb within layouts/javascript (0.3ms)
  Rendered /Users/SamDavis/.rvm/gems/ruby-2.1.1/gems/web-console-2.2.1/lib/web_console/templates/error_page.js.erb within layouts/javascript (0.4ms)
  Rendered /Users/SamDavis/.rvm/gems/ruby-2.1.1/gems/web-console-2.2.1/lib/web_console/templates/index.html.erb (47.8ms)


Started GET "/" for ::1 at 2015-09-08 09:55:28 -0400
  [1m[36mActiveRecord::SchemaMigration Load (0.7ms)[0m  [1mSELECT "schema_migrations".* FROM "schema_migrations"[0m
Processing by UsersController#welcome as HTML
Completed 401 Unauthorized in 22ms (ActiveRecord: 0.0ms)


Started GET "/users/sign_in" for ::1 at 2015-09-08 09:55:28 -0400
Processing by SessionsController#new as HTML
  Rendered devise/sessions/new.html.haml within layouts/login (58.6ms)
Completed 200 OK in 780ms (Views: 760.5ms | ActiveRecord: 4.6ms)


Started GET "/assets/theme/fontawesome/fonts/fontawesome-webfont.woff?v=4.1.0" for ::1 at 2015-09-08 09:55:29 -0400
